
  .   ____          _            __ _ _
 /\\ / ___'_ __ _ _(_)_ __  __ _ \ \ \ \
( ( )\___ | '_ | '_| | '_ \/ _` | \ \ \ \
 \\/  ___)| |_)| | | | | || (_| |  ) ) ) )
  '  |____| .__|_| |_|_| |_\__, | / / / /
 =========|_|==============|___/=/_/_/_/
 :: Spring Boot ::                (v3.2.5)

2026-05-05T13:56:17.257+05:30  INFO 5866 --- [backend] [           main] com.ims.backend.BackendApplication       : Starting BackendApplication v0.0.1-SNAPSHOT using Java 17.0.17 with PID 5866 (/Users/kratikaagrawal/Desktop/inventory_system/backend/target/backend-0.0.1-SNAPSHOT.jar started by kratikaagrawal in /Users/kratikaagrawal/Desktop/inventory_system/backend)
2026-05-05T13:56:17.261+05:30  INFO 5866 --- [backend] [           main] com.ims.backend.BackendApplication       : No active profile set, falling back to 1 default profile: "default"
2026-05-05T13:56:17.725+05:30  INFO 5866 --- [backend] [           main] .s.d.r.c.RepositoryConfigurationDelegate : Bootstrapping Spring Data JPA repositories in DEFAULT mode.
2026-05-05T13:56:17.758+05:30  INFO 5866 --- [backend] [           main] .s.d.r.c.RepositoryConfigurationDelegate : Finished Spring Data repository scanning in 29 ms. Found 6 JPA repository interfaces.
2026-05-05T13:56:18.045+05:30  INFO 5866 --- [backend] [           main] o.s.b.w.embedded.tomcat.TomcatWebServer  : Tomcat initialized with port 8080 (http)
2026-05-05T13:56:18.050+05:30  INFO 5866 --- [backend] [           main] o.apache.catalina.core.StandardService   : Starting service [Tomcat]
2026-05-05T13:56:18.050+05:30  INFO 5866 --- [backend] [           main] o.apache.catalina.core.StandardEngine    : Starting Servlet engine: [Apache Tomcat/10.1.20]
2026-05-05T13:56:18.064+05:30  INFO 5866 --- [backend] [           main] o.a.c.c.C.[Tomcat].[localhost].[/]       : Initializing Spring embedded WebApplicationContext
2026-05-05T13:56:18.065+05:30  INFO 5866 --- [backend] [           main] w.s.c.ServletWebServerApplicationContext : Root WebApplicationContext: initialization completed in 748 ms
2026-05-05T13:56:18.129+05:30  INFO 5866 --- [backend] [           main] o.hibernate.jpa.internal.util.LogHelper  : HHH000204: Processing PersistenceUnitInfo [name: default]
2026-05-05T13:56:18.156+05:30  INFO 5866 --- [backend] [           main] org.hibernate.Version                    : HHH000412: Hibernate ORM core version 6.4.4.Final
2026-05-05T13:56:18.172+05:30  INFO 5866 --- [backend] [           main] o.h.c.internal.RegionFactoryInitiator    : HHH000026: Second-level cache disabled
2026-05-05T13:56:18.284+05:30  INFO 5866 --- [backend] [           main] o.s.o.j.p.SpringPersistenceUnitInfo      : No LoadTimeWeaver setup: ignoring JPA class transformer
2026-05-05T13:56:18.297+05:30  INFO 5866 --- [backend] [           main] com.zaxxer.hikari.HikariDataSource       : HikariPool-1 - Starting...
2026-05-05T13:56:18.361+05:30  INFO 5866 --- [backend] [           main] com.zaxxer.hikari.pool.HikariPool        : HikariPool-1 - Added connection org.postgresql.jdbc.PgConnection@4c5406b
2026-05-05T13:56:18.361+05:30  INFO 5866 --- [backend] [           main] com.zaxxer.hikari.HikariDataSource       : HikariPool-1 - Start completed.
2026-05-05T13:56:18.824+05:30  INFO 5866 --- [backend] [           main] o.h.e.t.j.p.i.JtaPlatformInitiator       : HHH000489: No JTA platform available (set 'hibernate.transaction.jta.platform' to enable JTA platform integration)
2026-05-05T13:56:18.904+05:30  INFO 5866 --- [backend] [           main] j.LocalContainerEntityManagerFactoryBean : Initialized JPA EntityManagerFactory for persistence unit 'default'
2026-05-05T13:56:19.062+05:30  INFO 5866 --- [backend] [           main] o.s.d.j.r.query.QueryEnhancerFactory     : Hibernate is in classpath; If applicable, HQL parser will be used.
2026-05-05T13:56:19.396+05:30  WARN 5866 --- [backend] [           main] JpaBaseConfiguration$JpaWebConfiguration : spring.jpa.open-in-view is enabled by default. Therefore, database queries may be performed during view rendering. Explicitly configure spring.jpa.open-in-view to disable this warning
2026-05-05T13:56:19.524+05:30  INFO 5866 --- [backend] [           main] o.s.s.web.DefaultSecurityFilterChain     : Will secure any request with [org.springframework.security.web.session.DisableEncodeUrlFilter@93a793a, org.springframework.security.web.context.request.async.WebAsyncManagerIntegrationFilter@232bfb3c, org.springframework.security.web.context.SecurityContextHolderFilter@754acbad, org.springframework.security.web.header.HeaderWriterFilter@4fbebd8e, org.springframework.web.filter.CorsFilter@69cb296c, org.springframework.security.web.authentication.logout.LogoutFilter@1129775, com.ims.backend.security.JwtAuthFilter@239bc43f, org.springframework.security.web.savedrequest.RequestCacheAwareFilter@41a4135e, org.springframework.security.web.servletapi.SecurityContextHolderAwareRequestFilter@4c19b0a8, org.springframework.security.web.authentication.AnonymousAuthenticationFilter@3014c46f, org.springframework.security.web.session.SessionManagementFilter@45a0ba61, org.springframework.security.web.access.ExceptionTranslationFilter@69aecbba, org.springframework.security.web.access.intercept.AuthorizationFilter@71bb6009]
2026-05-05T13:56:19.624+05:30  WARN 5866 --- [backend] [           main] ConfigServletWebServerApplicationContext : Exception encountered during context initialization - cancelling refresh attempt: org.springframework.context.ApplicationContextException: Failed to start bean 'webServerStartStop'
2026-05-05T13:56:19.625+05:30  INFO 5866 --- [backend] [           main] j.LocalContainerEntityManagerFactoryBean : Closing JPA EntityManagerFactory for persistence unit 'default'
2026-05-05T13:56:19.626+05:30  INFO 5866 --- [backend] [           main] com.zaxxer.hikari.HikariDataSource       : HikariPool-1 - Shutdown initiated...
2026-05-05T13:56:19.628+05:30  INFO 5866 --- [backend] [           main] com.zaxxer.hikari.HikariDataSource       : HikariPool-1 - Shutdown completed.
2026-05-05T13:56:19.634+05:30  INFO 5866 --- [backend] [           main] .s.b.a.l.ConditionEvaluationReportLogger : 

Error starting ApplicationContext. To display the condition evaluation report re-run your application with 'debug' enabled.
2026-05-05T13:56:19.639+05:30 ERROR 5866 --- [backend] [           main] o.s.b.d.LoggingFailureAnalysisReporter   : 

***************************
APPLICATION FAILED TO START
***************************

Description:

Web server failed to start. Port 8080 was already in use.

Action:

Identify and stop the process that's listening on port 8080 or configure this application to listen on another port.

